
================================================================================
実験開始: label_type=oc (翌日寄→引)
================================================================================

[1/3] 特徴量生成 (label_type=oc)...
完了

[2/3] モデル学習...
完了

[3/3] 評価...
完了


================================================================================
実験開始: label_type=cc (引→翌日引)
================================================================================

[1/3] 特徴量生成 (label_type=cc)...
完了

[2/3] モデル学習...
完了

[3/3] 評価...
完了


================================================================================
実験開始: label_type=oo (寄→翌日寄)
================================================================================

[1/3] 特徴量生成 (label_type=oo)...
完了

[2/3] モデル学習...
完了

[3/3] 評価...
完了


================================================================================
ラベル比較結果サマリ
================================================================================
Label Type   Name               Mean PF  Mean LogRet   Mean MDD  Mean Sharpe
--------------------------------------------------------------------------------
oc           翌日寄→引                  nan          nan        nan          nan
cc           引→翌日引                  nan          nan        nan          nan
oo           寄→翌日寄                  nan          nan        nan          nan

結果を保存: artifacts/model1/label_comparison.json
