
特徴量を再生成 (label_type=cc)...
完了


================================================================================
実験開始: セクター中立化=無効
================================================================================

評価 (sector_neutralize=False)...
完了


================================================================================
実験開始: セクター中立化=有効
================================================================================

評価 (sector_neutralize=True)...
完了


================================================================================
セクター中立化比較結果
================================================================================
Status          Mean PF  Mean LogRet   Mean MDD  Mean Sharpe
--------------------------------------------------------------------------------
無効                1.054    -0.008019    -0.0440       -0.034
有効                1.027    -0.007484    -0.0411       -0.033

結果を保存: /workspaces/trading-bot/artifacts/model1/sector_neutralize_comparison.json

推奨: セクター中立化は無効のまま (Mean PF: 1.054 > 1.027)
