
================================================================================
最良ラベル (cc) で特徴量生成
================================================================================

特徴量生成完了


================================================================================
実験開始: topk=3
================================================================================

[1/2] モデル学習 (topk=3)...
完了

[2/2] 評価 (topk=3)...
完了


================================================================================
実験開始: topk=5
================================================================================

[1/2] モデル学習 (topk=5)...
完了

[2/2] 評価 (topk=5)...
完了


================================================================================
実験開始: topk=10
================================================================================

[1/2] モデル学習 (topk=10)...
完了

[2/2] 評価 (topk=10)...
完了


================================================================================
topk最適化結果サマリ
================================================================================
  TopK    Mean PF  Mean LogRet   Mean MDD  Mean Sharpe
--------------------------------------------------------------------------------
     3      1.056      -0.0081    -0.0516        0.000
     5      1.359       0.0004    -0.0400        0.000
    10      0.956      -0.0111    -0.0359        0.000

結果を保存: artifacts/model1/topk_comparison.json

推奨topk: 5 - Mean PF=1.359
